Arguments: 
  /home/adrianosantosx2/.nvm/versions/node/v14.13.1/bin/node /usr/share/yarn/bin/yarn.js add react react-dom

PATH: 
  /home/adrianosantosx2/bin:/usr/local/bin:/home/adrianosantosx2/.nvm/versions/node/v14.13.1/bin:/home/adrianosantosx2/.vscode-server/bin/d2e414d9e4239a252d1ab117bd7067f125afd80a/bin:/home/adrianosantosx2/bin:/usr/local/bin:/home/adrianosantosx2/.nvm/versions/node/v14.13.1/bin:/home/adrianosantosx2/.zinit/polaris/sbin:/home/adrianosantosx2/.zinit/polaris/bin:/usr/local/sbin:/usr/local/bin:/usr/sbin:/usr/bin:/sbin:/bin:/usr/games:/usr/local/games:/mnt/c/Windows/system32:/mnt/c/Windows:/mnt/c/Windows/System32/Wbem:/mnt/c/Windows/System32/WindowsPowerShell/v1.0/:/mnt/c/Windows/System32/OpenSSH/:/mnt/c/Program Files (x86)/NVIDIA Corporation/PhysX/Common:/mnt/c/Program Files/NVIDIA Corporation/NVIDIA NvDLISR:/mnt/c/Program Files/Microsoft SQL Server/130/Tools/Binn/:/mnt/c/Program Files/Git/cmd:/mnt/c/Program Files (x86)/Yarn/bin/:/mnt/c/Users/adria/AppData/Local/Microsoft/WindowsApps:/mnt/c/Users/adria/AppData/Local/hyper/app-3.0.2/resources/bin:/mnt/c/Users/adria/AppData/Local/Programs/Microsoft VS Code/bin:/mnt/c/Users/adria/AppData/Local/Yarn/bin:/home/adrianosantosx2/.yarn/bin:/home/adrianosantosx2/.yarn/bin

Yarn version: 
  1.22.5

Node version: 
  14.13.1

Platform: 
  linux x64

Trace: 
  Error: connect ECONNREFUSED 2606:4700::6810:1223:443
      at TCPConnectWrap.afterConnect [as oncomplete] (net.js:1145:16)

npm manifest: 
  {
    "name": "frontend-com-react",
    "version": "1.0.0",
    "main": "index.js",
    "license": "MIT"
  }

yarn manifest: 
  No manifest

Lockfile: 
  No lockfile
